<?xml version="1.0" encoding="UTF-8"?>
<testng-results ignored="0" total="2" passed="2" failed="0" skipped="0">
  <reporter-output>
    <line>
      <![CDATA[Click on Friends Successfully..!!!]]>
    </line>
    <line>
      <![CDATA[Click on Reels Successfully..!!!]]>
    </line>
  </reporter-output>
  <suite started-at="2023-04-24T17:59:12 IST" name="Suite" finished-at="2023-04-24T17:59:35 IST" duration-ms="22960">
    <groups>
      <group name="Smoke">
        <method signature="ClickOnFriendsTest.Friends()[pri:0, instance:maven.ClickOnFriendsTest@29d89d5d]" name="Friends" class="maven.ClickOnFriendsTest"/>
        <method signature="ClickOnReelsTest.Reels()[pri:0, instance:maven.ClickOnReelsTest@32ee6fee]" name="Reels" class="maven.ClickOnReelsTest"/>
      </group> <!-- Smoke -->
    </groups>
    <test started-at="2023-04-24T17:59:12 IST" name="Test1" finished-at="2023-04-24T17:59:35 IST" duration-ms="22583">
      <class name="maven.ClickOnFriendsTest">
        <test-method is-config="true" signature="Launch_Browser(java.lang.String)[pri:0, instance:maven.ClickOnFriendsTest@29d89d5d]" started-at="2023-04-24T17:59:12 IST" name="Launch_Browser" finished-at="2023-04-24T17:59:17 IST" duration-ms="4903" status="PASS">
          <params>
            <param index="0">
              <value>
                <![CDATA[chrome]]>
              </value>
            </param>
          </params>
          <reporter-output>
          </reporter-output>
        </test-method> <!-- Launch_Browser -->
        <test-method is-config="true" signature="login()[pri:0, instance:maven.ClickOnFriendsTest@29d89d5d]" started-at="2023-04-24T17:59:17 IST" name="login" finished-at="2023-04-24T17:59:18 IST" duration-ms="912" status="PASS">
          <reporter-output>
          </reporter-output>
        </test-method> <!-- login -->
        <test-method signature="Friends()[pri:0, instance:maven.ClickOnFriendsTest@29d89d5d]" started-at="2023-04-24T17:59:18 IST" name="Friends" finished-at="2023-04-24T17:59:25 IST" duration-ms="6706" status="PASS">
          <reporter-output>
            <line>
              <![CDATA[Click on Friends Successfully..!!!]]>
            </line>
          </reporter-output>
        </test-method> <!-- Friends -->
        <test-method is-config="true" signature="logout()[pri:0, instance:maven.ClickOnFriendsTest@29d89d5d]" started-at="2023-04-24T17:59:25 IST" name="logout" finished-at="2023-04-24T17:59:34 IST" duration-ms="9088" status="PASS">
          <reporter-output>
          </reporter-output>
        </test-method> <!-- logout -->
        <test-method is-config="true" signature="Close_Browser()[pri:0, instance:maven.ClickOnFriendsTest@29d89d5d]" started-at="2023-04-24T17:59:34 IST" name="Close_Browser" finished-at="2023-04-24T17:59:35 IST" duration-ms="926" status="PASS">
          <reporter-output>
          </reporter-output>
        </test-method> <!-- Close_Browser -->
      </class> <!-- maven.ClickOnFriendsTest -->
    </test> <!-- Test1 -->
    <test started-at="2023-04-24T17:59:12 IST" name="Test2" finished-at="2023-04-24T17:59:35 IST" duration-ms="22960">
      <class name="maven.ClickOnReelsTest">
        <test-method is-config="true" signature="Launch_database()[pri:0, instance:maven.ClickOnReelsTest@32ee6fee]" started-at="2023-04-24T17:59:12 IST" name="Launch_database" finished-at="2023-04-24T17:59:12 IST" duration-ms="7" status="PASS">
          <reporter-output>
          </reporter-output>
        </test-method> <!-- Launch_database -->
        <test-method is-config="true" signature="Launch_Browser(java.lang.String)[pri:0, instance:maven.ClickOnReelsTest@32ee6fee]" started-at="2023-04-24T17:59:12 IST" name="Launch_Browser" finished-at="2023-04-24T17:59:19 IST" duration-ms="6243" status="PASS">
          <params>
            <param index="0">
              <value>
                <![CDATA[edge]]>
              </value>
            </param>
          </params>
          <reporter-output>
          </reporter-output>
        </test-method> <!-- Launch_Browser -->
        <test-method is-config="true" signature="login()[pri:0, instance:maven.ClickOnReelsTest@32ee6fee]" started-at="2023-04-24T17:59:19 IST" name="login" finished-at="2023-04-24T17:59:19 IST" duration-ms="301" status="PASS">
          <reporter-output>
          </reporter-output>
        </test-method> <!-- login -->
        <test-method signature="Reels()[pri:0, instance:maven.ClickOnReelsTest@32ee6fee]" started-at="2023-04-24T17:59:19 IST" name="Reels" finished-at="2023-04-24T17:59:26 IST" duration-ms="6915" status="PASS">
          <reporter-output>
            <line>
              <![CDATA[Click on Reels Successfully..!!!]]>
            </line>
          </reporter-output>
        </test-method> <!-- Reels -->
        <test-method is-config="true" signature="logout()[pri:0, instance:maven.ClickOnReelsTest@32ee6fee]" started-at="2023-04-24T17:59:26 IST" name="logout" finished-at="2023-04-24T17:59:35 IST" duration-ms="9095" status="PASS">
          <reporter-output>
          </reporter-output>
        </test-method> <!-- logout -->
        <test-method is-config="true" signature="Close_Browser()[pri:0, instance:maven.ClickOnReelsTest@32ee6fee]" started-at="2023-04-24T17:59:35 IST" name="Close_Browser" finished-at="2023-04-24T17:59:35 IST" duration-ms="380" status="PASS">
          <reporter-output>
          </reporter-output>
        </test-method> <!-- Close_Browser -->
        <test-method is-config="true" signature="close_database()[pri:0, instance:maven.ClickOnReelsTest@32ee6fee]" started-at="2023-04-24T17:59:35 IST" name="close_database" finished-at="2023-04-24T17:59:35 IST" duration-ms="1" status="PASS">
          <reporter-output>
          </reporter-output>
        </test-method> <!-- close_database -->
      </class> <!-- maven.ClickOnReelsTest -->
    </test> <!-- Test2 -->
  </suite> <!-- Suite -->
</testng-results>
